<?xml version="1.0" encoding="UTF-8"?>
<!-- Generated by org.testng.reporters.JUnitXMLReporter -->
<testsuite hostname="LAPTOP-1LD1TVSM" ignored="0" name="Test" tests="1" failures="1" timestamp="2022-07-11T17:21:26 IST" time="5.161" errors="0">
  <testcase name="verifyLoginpage" time="0.006" classname="com.logintest.Test_001">
    <failure type="java.lang.NoSuchMethodError" message="org.openqa.selenium.support.PageFactory.initElements(Lorg/openqa/selenium/WebDriver;Ljava/lang/Class;)Ljava/lang/Object;">
      <![CDATA[java.lang.NoSuchMethodError: org.openqa.selenium.support.PageFactory.initElements(Lorg/openqa/selenium/WebDriver;Ljava/lang/Class;)Ljava/lang/Object;
at com.logintest.Test_001.verifyLoginpage(Test_001.java:18)
at java.util.ArrayList.forEach(Unknown Source)
... Removed 27 stack frames]]>
    </failure>
  </testcase> <!-- verifyLoginpage -->
</testsuite> <!-- Test -->
