<?xml version="1.0" encoding="UTF-8"?>
<!-- Generated by org.testng.reporters.JUnitXMLReporter -->
<testsuite hostname="LAPTOP-1LD1TVSM" ignored="0" name="Test Edge" tests="1" failures="0" timestamp="2022-07-13T12:08:02 IST" time="0.01" errors="0">
  <testcase name="@BeforeSuite StartSetup" time="0.008" classname="com.utility.Baseclass">
    <failure type="java.io.FileNotFoundException" message="C:\Users\PRIYAL\eclipse-workspace\maven1\Testdata\data.xlsx (The system cannot find the file specified)">
      <![CDATA[java.io.FileNotFoundException: C:\Users\PRIYAL\eclipse-workspace\maven1\Testdata\data.xlsx (The system cannot find the file specified)
at java.io.FileInputStream.open0(Native Method)
at java.io.FileInputStream.open(Unknown Source)
at java.io.FileInputStream.<init>(Unknown Source)
at java.io.FileInputStream.<init>(Unknown Source)
at com.utility.Excellentdataprovider.<init>(Excellentdataprovider.java:15)
at com.utility.Baseclass.StartSetup(Baseclass.java:28)
... Removed 19 stack frames]]>
    </failure>
  </testcase> <!-- @BeforeSuite StartSetup -->
  <testcase name="@BeforeMethod setup" time="-1.657694282447E9" classname="com.utility.Baseclass">
    <skipped/>
  </testcase> <!-- @BeforeMethod setup -->
  <testcase name="@AfterMethod teardown" time="-1.657694282452E9" classname="com.utility.Baseclass">
    <skipped/>
  </testcase> <!-- @AfterMethod teardown -->
  <testcase name="verifyLoginpage" time="0.0" classname="com.logintest.Test_001">
    <skipped/>
  </testcase> <!-- verifyLoginpage -->
</testsuite> <!-- Test Edge -->
